<?xml version='1.0' encoding='UTF-8'?>
<!DOCTYPE coverage SYSTEM 'http://cobertura.sourceforge.net/xml/coverage-04.dtd'>
<coverage line-rate="1.0" branch-rate="0.8846153846153846" lines-covered="50" lines-valid="50" branches-covered="46" branches-valid="52" complexity="0.0" timestamp="1636400782" version="gcovr 5.0"><sources><source>.</source></sources><packages><package name="D:.projects.STM.Button" line-rate="1.0" branch-rate="0.8846153846153846" complexity="0.0"><classes><class name="button_c" filename="D:/projects/STM/Button/button.c" line-rate="1.0" branch-rate="0.8846153846153846" complexity="0.0"><methods/><lines><line number="38" hits="10" branch="false"/><line number="40" hits="10" branch="true" condition-coverage="87% (7/8)"><conditions><condition number="0" type="jump" coverage="87%"/></conditions></line><line number="42" hits="5" branch="false"/><line number="45" hits="5" branch="false"/><line number="46" hits="5" branch="false"/><line number="49" hits="5" branch="false"/><line number="50" hits="5" branch="true" condition-coverage="100% (2/2)"><conditions><condition number="0" type="jump" coverage="100%"/></conditions></line><line number="51" hits="5" branch="true" condition-coverage="100% (2/2)"><conditions><condition number="0" type="jump" coverage="100%"/></conditions></line><line number="52" hits="5" branch="true" condition-coverage="50% (1/2)"><conditions><condition number="0" type="jump" coverage="50%"/></conditions></line><line number="54" hits="13" branch="true" condition-coverage="100% (2/2)"><conditions><condition number="0" type="jump" coverage="100%"/></conditions></line><line number="56" hits="8" branch="false"/><line number="57" hits="8" branch="false"/><line number="58" hits="8" branch="false"/><line number="59" hits="8" branch="false"/><line number="60" hits="8" branch="true" condition-coverage="100% (2/2)"><conditions><condition number="0" type="jump" coverage="100%"/></conditions></line><line number="62" hits="5" branch="false"/><line number="66" hits="1050" branch="false"/><line number="68" hits="1050" branch="false"/><line number="70" hits="3850" branch="true" condition-coverage="100% (2/2)"><conditions><condition number="0" type="jump" coverage="100%"/></conditions></line><line number="72" hits="1750" branch="false"/><line number="73" hits="1750" branch="false"/><line number="74" hits="1750" branch="false"/><line number="76" hits="1750" branch="false"/><line number="78" hits="1750" branch="true" condition-coverage="100% (2/2)"><conditions><condition number="0" type="jump" coverage="100%"/></conditions></line><line number="80" hits="257" branch="true" condition-coverage="100% (2/2)"><conditions><condition number="0" type="jump" coverage="100%"/></conditions></line><line number="82" hits="12" branch="true" condition-coverage="100% (2/2)"><conditions><condition number="0" type="jump" coverage="100%"/></conditions></line><line number="84" hits="6" branch="false"/><line number="88" hits="508" branch="true" condition-coverage="75% (3/4)"><conditions><condition number="0" type="jump" coverage="75%"/></conditions></line><line number="89" hits="251" branch="false"/><line number="91" hits="251" branch="true" condition-coverage="100% (2/2)"><conditions><condition number="0" type="jump" coverage="100%"/></conditions></line><line number="93" hits="42" branch="false"/><line number="94" hits="42" branch="true" condition-coverage="100% (2/2)"><conditions><condition number="0" type="jump" coverage="100%"/></conditions></line><line number="97" hits="257" branch="false"/><line number="99" hits="1493" branch="true" condition-coverage="50% (1/2)"><conditions><condition number="0" type="jump" coverage="50%"/></conditions></line><line number="101" hits="1493" branch="true" condition-coverage="100% (2/2)"><conditions><condition number="0" type="jump" coverage="100%"/></conditions></line><line number="103" hits="18" branch="true" condition-coverage="100% (2/2)"><conditions><condition number="0" type="jump" coverage="100%"/></conditions></line><line number="105" hits="12" branch="false"/><line number="109" hits="6" branch="false"/><line number="110" hits="6" branch="true" condition-coverage="100% (2/2)"><conditions><condition number="0" type="jump" coverage="100%"/></conditions></line><line number="112" hits="4" branch="false"/><line number="113" hits="4" branch="true" condition-coverage="50% (1/2)"><conditions><condition number="0" type="jump" coverage="50%"/></conditions></line><line number="115" hits="4" branch="true" condition-coverage="100% (2/2)"><conditions><condition number="0" type="jump" coverage="100%"/></conditions></line><line number="120" hits="2" branch="true" condition-coverage="50% (1/2)"><conditions><condition number="0" type="jump" coverage="50%"/></conditions></line><line number="122" hits="2" branch="true" condition-coverage="100% (2/2)"><conditions><condition number="0" type="jump" coverage="100%"/></conditions></line><line number="129" hits="1475" branch="false"/><line number="132" hits="1750" branch="false"/><line number="134" hits="1050" branch="false"/><line number="136" hits="4" branch="false"/><line number="138" hits="4" branch="true" condition-coverage="100% (2/2)"><conditions><condition number="0" type="jump" coverage="100%"/></conditions></line><line number="139" hits="3" branch="false"/></lines></class></classes></package></packages></coverage>